8
16
32
8
16
32
8
16
32
Traceback (most recent call last):
  File "main.py", line 122, in <module>
    output = pool.map_async(proxy, data).get()
  File "/usr/lib/python2.7/multiprocessing/pool.py", line 567, in get
    raise self._value
TypeError: float() argument must be a string or a number
8
16
32
8
16
32
8
16
32
[[[  8.00000000e-01   7.40000000e-01   6.60000000e-01]]

 [[  7.90274711e-01   6.40545493e-01   9.16922857e-01]]

 [[  7.67644146e-01   4.56314235e-01   1.10608784e+00]]

 [[  7.27109816e-01   2.27204038e-01   1.20413572e+00]]

 [[  6.68263385e-01  -2.69440678e-03   1.21099229e+00]]

 [[  5.94554476e-01  -1.99065588e-01   1.14693767e+00]]

 [[  5.11544393e-01  -3.45158228e-01   1.04166477e+00]]

 [[  4.25030396e-01  -4.40548347e-01   9.22891797e-01]]

 [[  3.39766062e-01  -4.94604070e-01   8.10106059e-01]]

 [[  2.58966889e-01  -5.19780618e-01   7.13830322e-01]]

 [[  1.84390207e-01  -5.27387582e-01   6.37872163e-01]]

 [[  1.16681381e-01  -5.25900772e-01   5.82120599e-01]]

 [[  5.57632529e-02  -5.20845400e-01   5.44696466e-01]]

 [[  1.16222536e-03  -5.15332495e-01   5.23234896e-01]]

 [[ -4.77562374e-02  -5.10713947e-01   5.15493219e-01]]

 [[ -9.16329101e-02  -5.07138648e-01   5.19543336e-01]]

 [[ -1.31020813e-01  -5.03966049e-01   5.33746012e-01]]

 [[ -1.66333590e-01  -5.00064047e-01   5.56629415e-01]]

 [[ -1.97823341e-01  -4.94035204e-01   5.86741435e-01]]

 [[ -2.25580214e-01  -4.84409610e-01   6.22516503e-01]]

 [[ -2.49549817e-01  -4.69828195e-01   6.62184239e-01]]

 [[ -2.69566280e-01  -4.49222994e-01   7.03740709e-01]]

 [[ -2.85398804e-01  -4.21983341e-01   7.44995700e-01]]

 [[ -2.96807943e-01  -3.88083170e-01   7.83697230e-01]]

 [[ -3.03605530e-01  -3.48139057e-01   8.17716913e-01]]

 [[ -3.05710052e-01  -3.03375236e-01   8.45261133e-01]]

 [[ -3.03188631e-01  -2.55490663e-01   8.65060652e-01]]

 [[ -2.96278342e-01  -2.06448639e-01   8.76492364e-01]]

 [[ -2.85383404e-01  -1.58231306e-01   8.79603653e-01]]

 [[ -2.71049644e-01  -1.12610379e-01   8.75036407e-01]]

 [[ -2.53922197e-01  -7.09775968e-02   8.63874433e-01]]

 [[ -2.34695018e-01  -3.42579971e-02   8.47454160e-01]]

 [[ -2.14061000e-01  -2.90534752e-03   8.27180100e-01]]

 [[ -1.92669672e-01   2.30391961e-02   8.04375990e-01]]

 [[ -1.71096467e-01   4.38523597e-02   7.80186482e-01]]

 [[ -1.49824602e-01   6.00238506e-02   7.55529426e-01]]

 [[ -1.29238360e-01   7.21602140e-02   7.31089130e-01]]

 [[ -1.09625290e-01   8.09077795e-02   7.07337101e-01]]

 [[ -9.11844489e-02   8.68977567e-02   6.84567348e-01]]

 [[ -7.40380834e-02   9.07117799e-02   6.62936230e-01]]

 [[ -5.82446378e-02   9.28638436e-02   6.42500293e-01]]

 [[ -4.38116436e-02   9.37940314e-02   6.23248660e-01]]

 [[ -3.07075763e-02   9.38699129e-02   6.05128724e-01]]

 [[ -1.88722161e-02   9.33923595e-02   5.88065306e-01]]

 [[ -8.22535192e-03   9.26034917e-02   5.71974139e-01]]

 [[  1.32614017e-03   9.16952490e-02   5.56770798e-01]]

 [[  9.88269863e-03   9.08177038e-02   5.42376191e-01]]

 [[  1.75477705e-02   9.00866492e-02   5.28719587e-01]]

 [[  2.44245929e-02   8.95902655e-02   5.15739966e-01]]

 [[  3.06138688e-02   8.93948256e-02   5.03386293e-01]]

 [[  3.62121624e-02   8.95494926e-02   4.91617156e-01]]

 [[  4.13108632e-02   9.00902947e-02   4.80400072e-01]]

 [[  4.59955919e-02   9.10433812e-02   4.69710671e-01]]

 [[  5.03459395e-02   9.24276601e-02   4.59531878e-01]]

 [[  5.44354599e-02   9.42569038e-02   4.49853188e-01]]

 [[  5.83318378e-02   9.65414035e-02   4.40670052e-01]]

 [[  6.20971810e-02   9.92892395e-02   4.31983416e-01]]

 [[  6.57883875e-02   1.02507217e-01   4.23799395e-01]]

 [[  6.94575543e-02   1.06201515e-01   4.16129085e-01]]

 [[  7.31523948e-02   1.10378072e-01   4.08988500e-01]]

 [[  7.69166429e-02   1.15042745e-01   4.02398615e-01]]

 [[  8.07904220e-02   1.20201244e-01   3.96385500e-01]]

 [[  8.48105631e-02   1.25858854e-01   3.90980529e-01]]

 [[  8.90108561e-02   1.32019945e-01   3.86220628e-01]]

 [[  9.34222190e-02   1.38687265e-01   3.82148555e-01]]

 [[  9.80727736e-02   1.45861001e-01   3.78813169e-01]]

 [[  1.02987812e-01   1.53537594e-01   3.76269637e-01]]

 [[  1.08189644e-01   1.61708292e-01   3.74579560e-01]]

 [[  1.13697301e-01   1.70357434e-01   3.73810925e-01]]

 [[  1.19526101e-01   1.79460439e-01   3.74037813e-01]]

 [[  1.25687041e-01   1.88981518e-01   3.75339782e-01]]

 [[  1.32186024e-01   1.98871132e-01   3.77800787[[[  8.00000000e-01   7.40000000e-01   6.60000000e-01]]

 [[  7.90274711e-01   6.40545493e-01   9.16922857e-01]]

 [[  7.67644146e-01   4.56314235e-01   1.10608784e+00]]

 [[  7.27109816e-01   2.27204038e-01   1.20413572e+00]]

 [[  6.68263385e-01  -2.69440678e-03   1.21099229e+00]]

 [[  5.94554476e-01  -1.99065588e-01   1.14693767e+00]]

 [[  5.11544393e-01  -3.45158228e-01   1.04166477e+00]]

 [[  4.25030396e-01  -4.40548347e-01   9.22891797e-01]]

 [[  3.39766062e-01  -4.94604070e-01   8.10106059e-01]]

 [[  2.58966889e-01  -5.19780618e-01   7.13830322e-01]]

 [[  1.84390207e-01  -5.27387582e-01   6.37872163e-01]]

 [[  1.16681381e-01  -5.25900772e-01   5.82120599e-01]]

 [[  5.57632529e-02  -5.20845400e-01   5.44696466e-01]]

 [[  1.16222536e-03  -5.15332495e-01   5.23234896e-01]]

 [[ -4.77562374e-02  -5.10713947e-01   5.15493219e-01]]

 [[ -9.16329101e-02  -5.07138648e-01   5.19543336e-01]]

 [[ -1.31020813e-01  -5.03966049e-01   5.33746012e-01]]

 [[ -1.66333590e-01  -5.00064047e-01   5.56629415e-01]]

 [[ -1.97823341e-01  -4.94035204e-01   5.86741435e-01]]

 [[ -2.25580214e-01  -4.84409610e-01   6.22516503e-01]]

 [[ -2.49549817e-01  -4.69828195e-01   6.62184239e-01]]

 [[ -2.69566280e-01  -4.49222994e-01   7.03740709e-01]]

 [[ -2.85398804e-01  -4.21983341e-01   7.44995700e-01]]

 [[ -2.96807943e-01  -3.88083170e-01   7.83697230e-01]]

 [[ -3.03605530e-01  -3.48139057e-01   8.17716913e-01]]

 [[ -3.05710052e-01  -3.03375236e-01   8.45261133e-01]]

 [[ -3.03188631e-01  -2.55490663e-01   8.65060652e-01]]

 [[ -2.96278342e-01  -2.06448639e-01   8.76492364e-01]]

 [[ -2.85383404e-01  -1.58231306e-01   8.79603653e-01]]

 [[ -2.71049644e-01  -1.12610379e-01   8.75036407e-01]]

 [[ -2.53922197e-01  -7.09775968e-02   8.63874433e-01]]

 [[ -2.34695018e-01  -3.42579971e-02   8.47454160e-01]]

 [[ -2.14061000e-01  -2.90534752e-03   8.27180100e-01]]

 [[ -1.92669672e-01   2.30391961e-02   8.04375990e-01]]

 [[ -1.71096467e-01   4.38523597e-02   7.80186482e-01]]

 [[ -1.49824602e-01   6.00238506e-02   7.55529426e-01]]

 [[ -1.29238360e-01   7.21602140e-02   7.31089130e-01]]

 [[ -1.09625290e-01   8.09077795e-02   7.07337101e-01]]

 [[ -9.11844489e-02   8.68977567e-02   6.84567348e-01]]

 [[ -7.40380834e-02   9.07117799e-02   6.62936230e-01]]

 [[ -5.82446378e-02   9.28638436e-02   6.42500293e-01]]

 [[ -4.38116436e-02   9.37940314e-02   6.23248660e-01]]

 [[ -3.07075763e-02   9.38699129e-02   6.05128724e-01]]

 [[ -1.88722161e-02   9.33923595e-02   5.88065306e-01]]

 [[ -8.22535192e-03   9.26034917e-02   5.71974139e-01]]

 [[  1.32614017e-03   9.16952490e-02   5.56770798e-01]]

 [[  9.88269863e-03   9.08177038e-02   5.42376191e-01]]

 [[  1.75477705e-02   9.00866492e-02   5.28719587e-01]]

 [[  2.44245929e-02   8.95902655e-02   5.15739966e-01]]

 [[  3.06138688e-02   8.93948256e-02   5.03386293e-01]]

 [[  3.62121624e-02   8.95494926e-02   4.91617156e-01]]

 [[  4.13108632e-02   9.00902947e-02   4.80400072e-01]]

 [[  4.59955919e-02   9.10433812e-02   4.69710671e-01]]

 [[  5.03459395e-02   9.24276601e-02   4.59531878e-01]]

 [[  5.44354599e-02   9.42569038e-02   4.49853188e-01]]

 [[  5.83318378e-02   9.65414035e-02   4.40670052e-01]]

 [[  6.20971810e-02   9.92892395e-02   4.31983416e-01]]

 [[  6.57883875e-02   1.02507217e-01   4.23799395e-01]]

 [[  6.94575543e-02   1.06201515e-01   4.16129085e-01]]

 [[  7.31523948e-02   1.10378072e-01   4.08988500e-01]]

 [[  7.69166429e-02   1.15042745e-01   4.02398615e-01]]

 [[  8.07904220e-02   1.20201244e-01   3.96385500e-01]]

 [[  8.48105631e-02   1.25858854e-01   3.90980529e-01]]

 [[  8.90108561e-02   1.32019945e-01   3.86220628e-01]]

 [[  9.34222190e-02   1.38687265e-01   3.82148555e-01]]

 [[  9.80727736e-02   1.45861001e-01   3.78813169e-01]]

 [[  1.02987812e-01   1.53537594e-01   3.76269637e-01]]

 [[  1.08189644e-01   1.61708292e-01   3.74579560e-01]]

 [[  1.13697301e-01   1.70357434e-01   3.73810925e-01]]

 [[  1.19526101e-01   1.79460439e-01   3.74037813e-01]]

 [[  1.25687041e-01   1.88981518e-01   3.75339782e-01]]

 [[  1.32186024e-01   1.98871132e-01   3.77800787[[[ 0.36        0.94        0.38      ]]

 [[ 0.41586442  0.94881072  0.55151782]]

 [[ 0.46554352  0.9201895   0.74127645]]

 [[ 0.50550049  0.84330732  0.93432723]]

 [[ 0.53181616  0.71446754  1.1104503 ]]

 [[ 0.54108145  0.54041308  1.24845879]]

 [[ 0.5313744   0.33827929  1.33252638]]

 [[ 0.50292451  0.13114915  1.35749529]]

 [[ 0.45814136 -0.05895598  1.33008346]]

 [[ 0.40099782 -0.21697803  1.26544106]]

 [[ 0.33608117 -0.33697352  1.18142602]]

 [[ 0.2677181  -0.42059339  1.09370782]]

 [[ 0.19942948 -0.47382376  1.01333015]]

 [[ 0.13374996 -0.50391074  0.94653158]]

 [[ 0.07230724 -0.51738498  0.89577575]]

 [[ 0.01602548 -0.51920635  0.86104451]]

 [[-0.03464914 -0.51266492  0.84089646]]

 [[-0.07955583 -0.49966329  0.83316405]]

 [[-0.11867966 -0.48112934  0.83534938]]

 [[-0.15206505 -0.45742805  0.84483135]]]
Finished epoch [1 / 50] on model with 20 points and std. dev. 0.010
[[[  8.00000000e-01   7.40000000e-01   6.60000000e-01]]

 [[  7.90274711e-01   6.40545493e-01   9.16922857e-01]]

 [[  7.67644146e-01   4.56314235e-01   1.10608784e+00]]

 [[  7.27109816e-01   2.27204038e-01   1.20413572e+00]]

 [[  6.68263385e-01  -2.69440678e-03   1.21099229e+00]]

 [[  5.94554476e-01  -1.99065588e-01   1.14693767e+00]]

 [[  5.11544393e-01  -3.45158228e-01   1.04166477e+00]]

 [[  4.25030396e-01  -4.40548347e-01   9.22891797e-01]]

 [[  3.39766062e-01  -4.94604070e-01   8.10106059e-01]]

 [[  2.58966889e-01  -5.19780618e-01   7.13830322e-01]]

 [[  1.84390207e-01  -5.27387582e-01   6.37872163e-01]]

 [[  1.16681381e-01  -5.25900772e-01   5.82120599e-01]]

 [[  5.57632529e-02  -5.20845400e-01   5.44696466e-01]]

 [[  1.16222536e-03  -5.15332495e-01   5.23234896e-01]]

 [[ -4.77562374e-02  -5.10713947e-01   5.15493219e-01]]

 [[ -9.16329101e-02  -5.07138648e-01   5.19543336e-01]]

 [[ -1.31020813e-01  -5.03966049e-01   5.33746012e-01]]

 [[ -1.66333590e-01  -5.00064047e-01   5.56629415e-01]]

 [[ -1.97823341e-01  -4.94035204e-01   5.86741435e-01]]

 [[ -2.25580214e-01  -4.84409610e-01   6.22516503e-01]]

 [[ -2.49549817e-01  -4.69828195e-01   6.62184239e-01]]

 [[ -2.69566280e-01  -4.49222994e-01   7.03740709e-01]]

 [[ -2.85398804e-01  -4.21983341e-01   7.44995700e-01]]

 [[ -2.96807943e-01  -3.88083170e-01   7.83697230e-01]]

 [[ -3.03605530e-01  -3.48139057e-01   8.17716913e-01]]

 [[ -3.05710052e-01  -3.03375236e-01   8.45261133e-01]]

 [[ -3.03188631e-01  -2.55490663e-01   8.65060652e-01]]

 [[ -2.96278342e-01  -2.06448639e-01   8.76492364e-01]]

 [[ -2.85383404e-01  -1.58231306e-01   8.79603653e-01]]

 [[ -2.71049644e-01  -1.12610379e-01   8.75036407e-01]]

 [[ -2.53922197e-01  -7.09775968e-02   8.63874433e-01]]

 [[ -2.34695018e-01  -3.42579971e-02   8.47454160e-01]]

 [[ -2.14061000e-01  -2.90534752e-03   8.27180100e-01]]

 [[ -1.92669672e-01   2.30391961e-02   8.04375990e-01]]

 [[ -1.71096467e-01   4.38523597e-02   7.80186482e-01]]

 [[ -1.49824602e-01   6.00238506e-02   7.55529426e-01]]

 [[ -1.29238360e-01   7.21602140e-02   7.31089130e-01]]

 [[ -1.09625290e-01   8.09077795e-02   7.07337101e-01]]

 [[ -9.11844489e-02   8.68977567e-02   6.84567348e-01]]

 [[ -7.40380834e-02   9.07117799e-02   6.62936230e-01]]

 [[ -5.82446378e-02   9.28638436e-02   6.42500293e-01]]

 [[ -4.38116436e-02   9.37940314e-02   6.23248660e-01]]

 [[ -3.07075763e-02   9.38699129e-02   6.05128724e-01]]

 [[ -1.88722161e-02   9.33923595e-02   5.88065306e-01]]

 [[ -8.22535192e-03   9.26034917e-02   5.71974139e-01]]

 [[  1.32614017e-03   9.16952490e-02   5.56770798e-01]]

 [[  9.88269863e-03   9.08177038e-02   5.42376191e-01]]

 [[  1.75477705e-02   9.00866492e-02   5.28719587e-01]]

 [[  2.44245929e-02   8.95902655e-02   5.15739966e-01]]

 [[  3.06138688e-02   8.93948256e-02   5.03386293e-01]]

 [[  3.62121624e-02   8.95494926e-02   4.91617156e-01]]

 [[  4.13108632e-02   9.00902947e-02   4.80400072e-01]]

 [[  4.59955919e-02   9.10433812e-02   4.69710671e-01]]

 [[  5.03459395e-02   9.24276601e-02   4.59531878e-01]]

 [[  5.44354599e-02   9.42569038e-02   4.49853188e-01]]

 [[  5.83318378e-02   9.65414035e-02   4.40670052e-01e-01]]

 [[  1.39022897e-01   2.09063239e-01   3.81507529e-01]]

 [[  1.46190325e-01   2.19472428e-01   3.86547079e-01]]

 [[  1.53672492e-01   2.29991097e-01   3.93003617e-01]]

 [[  1.61443668e-01   2.40486886e-01   4.00954179e-01]]

 [[  1.69466691e-01   2.50800646e-01   4.10463285e-01]]

 [[  1.77691450e-01   2.60745364e-01   4.21576425e-01]]

 [[  1.86053459e-01   2.70106462e-01   4.34312465e-01]]

 [[  1.94472700e-01   2.78644023e-01   4.48655224e-01]]]
Finished epoch [1 / 50] on model with 80 points and std. dev. 0.040
[[[ 0.36        0.94        0.38      ]]

 [[ 0.41586442  0.94881072  0.55151782]]

 [[ 0.46554352  0.9201895   0.74127645]]

 [[ 0.50550049  0.84330732  0.93432723]]

 [[ 0.53181616  0.71446754  1.1104503 ]]

 [[ 0.54108145  0.54041308  1.24845879]]

 [[ 0.5313744   0.33827929  1.33252638]]

 [[ 0.50292451  0.13114915  1.35749529]]

 [[ 0.45814136 -0.05895598  1.33008346]]

 [[ 0.40099782 -0.21697803  1.26544106]]

 [[ 0.33608117 -0.33697352  1.18142602]]

 [[ 0.2677181  -0.42059339  1.09370782]]

 [[ 0.19942948 -0.47382376  1.01333015]]

 [[ 0.13374996 -0.50391074  0.94653158]]

 [[ 0.07230724 -0.51738498  0.89577575]]

 [[ 0.01602548 -0.51920635  0.86104451]]

 [[-0.03464914 -0.51266492  0.84089646]]

 [[-0.07955583 -0.49966329  0.83316405]]

 [[-0.11867966 -0.48112934  0.83534938]]

 [[-0.15206505 -0.45742805  0.84483135]]]
Finished epoch [1 / 50] on model with 20 points and std. dev. 0.040
[[[ 0.58        0.42        0.5       ]]

 [[ 0.56490437  0.41772089  0.60583275]]

 [[ 0.54963147  0.38734799  0.70117335]]

 [[ 0.53178548  0.33455799  0.77949434]]

 [[ 0.50981403  0.26647576  0.83652072]]

 [[ 0.48302729  0.19081903  0.8706695 ]]

 [[ 0.45152077  0.11482419  0.88301804]]

 [[ 0.41600669  0.04430259  0.87674895]]

 [[ 0.37758999 -0.01689391  0.85625883]]

 [[ 0.33753867 -0.0669171   0.82622755]]

 [[ 0.29709164 -0.1055846   0.7908939 ]]

 [[ 0.25732752 -0.13385865  0.75364577]]

 [[ 0.21909687 -0.15332314  0.71690271]]

 [[ 0.18300584 -0.16576799  0.68219844]]

 [[ 0.14943425 -0.17291512  0.65036142]]

 [[ 0.11857156 -0.17627139  0.6217165 ]]

 [[ 0.09045871 -0.17707374  0.59626348]]

 [[ 0.06502815 -0.17629102  0.57381552]]

 [[ 0.04213837 -0.17465449  0.55409636]]

 [[ 0.02160158 -0.17269893  0.53680302]]

 [[ 0.00320478 -0.17080393  0.52164288]]

 [[-0.01327487 -0.16923029  0.50835313]]

 [[-0.02805932 -0.16815002  0.4967089 ]]

 [[-0.04136243 -0.16766984  0.48652479]]

 [[-0.05338547 -0.16784905  0.4776526 ]]

 [[-0.06431444 -0.16871273  0.46997751]]

 [[-0.07431878 -0.17026134  0.46341347]]

 [[-0.08355094 -0.17247744  0.4578988 ]]

 [[-0.09214652 -0.17533037  0.453392  ]]

 [[-0.10022481 -0.1787793   0.44986804]]

 [[-0.10788943 -0.1827751   0.44731511]]

 [[-0.11522911 -0.18726134  0.44573166]]

 [[-0.12231845 -0.19217465  0.44512375]]

 [[-0.12921855 -0.19744469  0.44550257]]

 [[-0.13597767 -0.20299379  0.44688195]]

 [[-0.14263172 -0.20873652  0.44927595]]

 [[-0.14920466 -0.2145792   0.45269624]]

 [[-0.15570885 -0.22041967  0.45714943]]

 [[-0.16214532 -0.22614728  0.46263416]]

 [[-0.1685041  -0.23164332  0.46913809]]]
Finished epoch [1 / 50] on model with 40 points and std. dev. 0.070
[[[ 0.58        0.42        0.5       ]]

 [[ 0.56490437  0.41772089  0.60583275]]

 [[ 0.54963147  0.38734799  0.70117335]]

 [[ 0.53178548  0.33455799  0.77949434]]

 [[ 0.50981403  0.26647576  0.83652072]]

 [[ 0.48302729  0.19081903  0.8706695 ]]

 [[ 0.45152077  0.11482419  0.88301804]]

 [[ 0.41600669  0.04430259  0.87674895]]

 [[ 0.37758999 -0.01689391  0.85625883]]

 [[ 0.33753867 -0.0669171   0.82622755]]

 [[ 0.29709164 -0.1055846   0.7908939 ]]

 [[ 0.25732752 -0.13385865  0.75364577]]

 [[ 0.21909687 -0.15332314  0.71690271]]

 [[ 0.18300584 -0.16576799  0.68219844]]

 [[ 0.14943425 -0.17291512  0.65036142]]

 [[ 0.11857156 -0.17627139  0.6217165 ]]

 [[ 0.09045871 -0.17707374  0.59626348]]

 [[ 0.06502815 -0.17629102  0.57381552]]

 [[ 0.04213837 -0.17465449  0.55409636]]

 [[ 0.02160158 -0.17269893  0.53680302]]

 [[ 0.00320478 -0.17080393  0.52164288]]

 [[-0.01327487 -0.16923029  0.50835313]]

 [[-0.02805932 -0.16815002  0.4967089 ]]

 [[-0.04136243 -0.16766984  0.48652479]]

 [[-0.05338547 -0.16784905  0.4776526 ]]

 [[-0.06431444 -0.16871273  0.46997751]]

 [[-0.07431878 -0.17026134  0.46341347]]

 [[-0.08355094 -0.17247744  0.4578988 ]]

 [[-0.09214652 -0.17533037  0.453392  ]]

 [[-0.10022481 -0.1787793   0.44986804]]

 [[-0.10788943 -0.1827751   0.44731511]]

 [[-0.11522911 -0.18726134  0.44573166]]

 [[-0.12231845 -0.19217465  0.44512375]]

 [[-0.12921855 -0.19744469  0.44550257]]

 [[-0.13597767 -0.20299379  0.44688195]]

 [[-0.14263172 -0.20873652  0.44927595]]

 [[-0.14920466 -0.2145792   0.45269624]]

 [[-0.15570885 -0.22041967  0.45714943]]

 [[-0.16214532 -0.22614728  0.46263416]]

 [[-0.1685041  -0.23164332  0.46913809]]]
Finished epoch [1 / 50] on model with 40 points and std. dev. 0.010
]]

 [[  6.20971810e-02   9.92892395e-02   4.31983416e-01]]

 [[  6.57883875e-02   1.02507217e-01   4.23799395e-01]]

 [[  6.94575543e-02   1.06201515e-01   4.16129085e-01]]

 [[  7.31523948e-02   1.10378072e-01   4.08988500e-01]]

 [[  7.69166429e-02   1.15042745e-01   4.02398615e-01]]

 [[  8.07904220e-02   1.20201244e-01   3.96385500e-01]]

 [[  8.48105631e-02   1.25858854e-01   3.90980529e-01]]

 [[  8.90108561e-02   1.32019945e-01   3.86220628e-01]]

 [[  9.34222190e-02   1.38687265e-01   3.82148555e-01]]

 [[  9.80727736e-02   1.45861001e-01   3.78813169e-01]]

 [[  1.02987812e-01   1.53537594e-01   3.76269637e-01]]

 [[  1.08189644e-01   1.61708292e-01   3.74579560e-01]]

 [[  1.13697301e-01   1.70357434e-01   3.73810925e-01]]

 [[  1.19526101e-01   1.79460439e-01   3.74037813e-01]]

 [[  1.25687041e-01   1.88981518e-01   3.75339782e-01]]

 [[  1.32186024e-01   1.98871132e-01   3.77800787e-01]]

 [[  1.39022897e-01   2.09063239e-01   3.81507529e-01]]

 [[  1.46190325e-01   2.19472428e-01   3.86547079e-01]]

 [[  1.53672492e-01   2.29991097e-01   3.93003617e-01]]

 [[  1.61443668e-01   2.40486886e-01   4.00954179e-01]]

 [[  1.69466691e-01   2.50800646e-01   4.10463285e-01]]

 [[  1.77691450e-01   2.60745364e-01   4.21576425e-01]]

 [[  1.86053459e-01   2.70106462e-01   4.34312465e-01]]

 [[  1.94472700e-01   2.78644023e-01   4.48655224e-01]]]
Finished epoch [1 / 50] on model with 80 points and std. dev. 0.070
[[[ 0.58        0.42        0.5       ]]

 [[ 0.56490437  0.41772089  0.60583275]]

 [[ 0.54963147  0.38734799  0.70117335]]

 [[ 0.53178548  0.33455799  0.77949434]]

 [[ 0.50981403  0.26647576  0.83652072]]

 [[ 0.48302729  0.19081903  0.8706695 ]]

 [[ 0.45152077  0.11482419  0.88301804]]

 [[ 0.41600669  0.04430259  0.87674895]]

 [[ 0.37758999 -0.01689391  0.85625883]]

 [[ 0.33753867 -0.0669171   0.82622755]]

 [[ 0.29709164 -0.1055846   0.7908939 ]]

 [[ 0.25732752 -0.13385865  0.75364577]]

 [[ 0.21909687 -0.15332314  0.71690271]]

 [[ 0.18300584 -0.16576799  0.68219844]]

 [[ 0.14943425 -0.17291512  0.65036142]]

 [[ 0.11857156 -0.17627139  0.6217165 ]]

 [[ 0.09045871 -0.17707374  0.59626348]]

 [[ 0.06502815 -0.17629102  0.57381552]]

 [[ 0.04213837 -0.17465449  0.55409636]]

 [[ 0.02160158 -0.17269893  0.53680302]]

 [[ 0.00320478 -0.17080393  0.52164288]]

 [[-0.01327487 -0.16923029  0.50835313]]

 [[-0.02805932 -0.16815002  0.4967089 ]]

 [[-0.04136243 -0.16766984  0.48652479]]

 [[-0.05338547 -0.16784905  0.4776526 ]]

 [[-0.06431444 -0.16871273  0.46997751]]

 [[-0.07431878 -0.17026134  0.46341347]]

 [[-0.08355094 -0.17247744  0.4578988 ]]

 [[-0.09214652 -0.17533037  0.453392  ]]

 [[-0.10022481 -0.1787793   0.44986804]]

 [[-0.10788943 -0.1827751   0.44731511]]

 [[-0.11522911 -0.18726134  0.44573166]]

 [[-0.12231845 -0.19217465  0.44512375]]

 [[-0.12921855 -0.19744469  0.44550257]]

 [[-0.13597767 -0.20299379  0.44688195]]

 [[-0.14263172 -0.20873652  0.44927595]]

 [[-0.14920466 -0.2145792   0.45269624]]

 [[-0.15570885 -0.22041967  0.45714943]]

 [[-0.16214532 -0.22614728  0.46263416]]

 [[-0.1685041  -0.23164332  0.46913809]]]
Finished epoch [1 / 50] on model with 40 points and std. dev. 0.040
e-01]]

 [[  1.39022897e-01   2.09063239e-01   3.81507529e-01]]

 [[  1.46190325e-01   2.19472428e-01   3.86547079e-01]]

 [[  1.53672492e-01   2.29991097e-01   3.93003617e-01]]

 [[  1.61443668e-01   2.40486886e-01   4.00954179e-01]]

 [[  1.69466691e-01   2.50800646e-01   4.10463285e-01]]

 [[  1.77691450e-01   2.60745364e-01   4.21576425e-01]]

 [[  1.86053459e-01   2.70106462e-01   4.34312465e-01]]

 [[  1.94472700e-01   2.78644023e-01   4.48655224e-01]]]
Finished epoch [1 / 50] on model with 80 points and std. dev. 0.010
[[[ 0.36        0.94        0.38      ]]

 [[ 0.41586442  0.94881072  0.55151782]]

 [[ 0.46554352  0.9201895   0.74127645]]

 [[ 0.50550049  0.84330732  0.93432723]]

 [[ 0.53181616  0.71446754  1.1104503 ]]

 [[ 0.54108145  0.54041308  1.24845879]]

 [[ 0.5313744   0.33827929  1.33252638]]

 [[ 0.50292451  0.13114915  1.35749529]]

 [[ 0.45814136 -0.05895598  1.33008346]]

 [[ 0.40099782 -0.21697803  1.26544106]]

 [[ 0.33608117 -0.33697352  1.18142602]]

 [[ 0.2677181  -0.42059339  1.09370782]]

 [[ 0.19942948 -0.47382376  1.01333015]]

 [[ 0.13374996 -0.50391074  0.94653158]]

 [[ 0.07230724 -0.51738498  0.89577575]]

 [[ 0.01602548 -0.51920635  0.86104451]]

 [[-0.03464914 -0.51266492  0.84089646]]

 [[-0.07955583 -0.49966329  0.83316405]]

 [[-0.11867966 -0.48112934  0.83534938]]

 [[-0.15206505 -0.45742805  0.84483135]]]
Finished epoch [1 / 50] on model with 20 points and std. dev. 0.070
[[  0.00000000e+00   1.00000000e-02   4.00000000e-02   7.00000000e-02]
 [  2.00000000e+01   9.28449841e-05   5.38275402e-05   6.04647880e-05]
 [  4.00000000e+01   4.30508565e-04   1.55196787e-04   1.01739373e-04]
 [  8.00000000e+01   2.07608376e-02   1.94157827e-02   1.44409631e-02]]
[[  0.00000000e+00   1.00000000e-02   4.00000000e-02   7.00000000e-02]
 [  2.00000000e+01   9.88317654e-05   8.45441664e-05   7.29694104e-05]
 [  4.00000000e+01   5.05434185e-04   1.03543195e-04   5.91145001e-05]
 [  8.00000000e+01   2.08283604e-02   1.93831056e-02   1.18929950e-02]]
Total runtime was: 379m 8s
